2024-02-21T10:02:43.942+05:30  INFO 17572 --- [main] c.h.s.r.EmployeeRestControllerTest       : Starting EmployeeRestControllerTest using Java 17.0.9 with PID 17572 (started by harsh in D:\Java STS Workspace\spring-rest-jpa)
2024-02-21T10:02:43.955+05:30  INFO 17572 --- [main] c.h.s.r.EmployeeRestControllerTest       : No active profile set, falling back to 1 default profile: "default"
2024-02-21T10:02:45.080+05:30  INFO 17572 --- [main] .s.d.r.c.RepositoryConfigurationDelegate : Bootstrapping Spring Data JPA repositories in DEFAULT mode.
2024-02-21T10:02:45.178+05:30  INFO 17572 --- [main] .s.d.r.c.RepositoryConfigurationDelegate : Finished Spring Data repository scanning in 85 ms. Found 1 JPA repository interface.
2024-02-21T10:02:45.824+05:30  INFO 17572 --- [main] o.hibernate.jpa.internal.util.LogHelper  : HHH000204: Processing PersistenceUnitInfo [name: default]
2024-02-21T10:02:45.934+05:30  INFO 17572 --- [main] org.hibernate.Version                    : HHH000412: Hibernate ORM core version 6.2.20.Final
2024-02-21T10:02:45.938+05:30  INFO 17572 --- [main] org.hibernate.cfg.Environment            : HHH000406: Using bytecode reflection optimizer
2024-02-21T10:02:46.524+05:30  INFO 17572 --- [main] o.s.o.j.p.SpringPersistenceUnitInfo      : No LoadTimeWeaver setup: ignoring JPA class transformer
2024-02-21T10:02:46.577+05:30  INFO 17572 --- [main] com.zaxxer.hikari.HikariDataSource       : HikariPool-1 - Starting...
2024-02-21T10:02:47.127+05:30  INFO 17572 --- [main] com.zaxxer.hikari.pool.HikariPool        : HikariPool-1 - Added connection com.mysql.cj.jdbc.ConnectionImpl@32ba5c65
2024-02-21T10:02:47.132+05:30  INFO 17572 --- [main] com.zaxxer.hikari.HikariDataSource       : HikariPool-1 - Start completed.
2024-02-21T10:02:48.382+05:30  INFO 17572 --- [main] o.h.e.t.j.p.i.JtaPlatformInitiator       : HHH000489: No JTA platform available (set 'hibernate.transaction.jta.platform' to enable JTA platform integration)
2024-02-21T10:02:48.463+05:30  INFO 17572 --- [main] j.LocalContainerEntityManagerFactoryBean : Initialized JPA EntityManagerFactory for persistence unit 'default'
2024-02-21T10:02:48.890+05:30  INFO 17572 --- [main] o.s.d.j.r.query.QueryEnhancerFactory     : Hibernate is in classpath; If applicable, HQL parser will be used.
2024-02-21T10:02:49.744+05:30  WARN 17572 --- [main] JpaBaseConfiguration$JpaWebConfiguration : spring.jpa.open-in-view is enabled by default. Therefore, database queries may be performed during view rendering. Explicitly configure spring.jpa.open-in-view to disable this warning
2024-02-21T10:02:50.938+05:30  INFO 17572 --- [main] c.h.s.r.EmployeeRestControllerTest       : Started EmployeeRestControllerTest in 7.445 seconds (process running for 9.181)
2024-02-21T10:02:51.930+05:30  INFO 17572 --- [main] t.c.s.AnnotationConfigContextLoaderUtils : Could not detect default configuration classes for test class [com.hexaware.springrestjpa.service.EmployeeServiceImpTest]: EmployeeServiceImpTest does not declare any static, non-private, non-final, nested classes annotated with @Configuration.
2024-02-21T10:02:51.938+05:30  INFO 17572 --- [main] .b.t.c.SpringBootTestContextBootstrapper : Found @SpringBootConfiguration com.hexaware.springrestjpa.SpringRestJpaApplication for test class com.hexaware.springrestjpa.service.EmployeeServiceImpTest
2024-02-21T10:02:51.978+05:30  INFO 17572 --- [main] c.h.s.service.EmployeeServiceImp         : inside service getbyid executing
2024-02-21T10:02:52.131+05:30  INFO 17572 --- [main] c.h.s.service.EmployeeServiceImp         : EmployeeDTO [eid=105, ename=Testuserr, salary=1000.0] is added from addEmployee()
2024-02-21T10:02:52.191+05:30  INFO 17572 --- [main] c.h.s.service.EmployeeServiceImpTest     : Employee added succesfully
2024-02-21T10:02:52.221+05:30  INFO 17572 --- [main] c.h.s.service.EmployeeServiceImp         : inside service getall executing
2024-02-21T10:02:52.283+05:30  INFO 17572 --- [main] t.c.s.AnnotationConfigContextLoaderUtils : Could not detect default configuration classes for test class [com.hexaware.springrestjpa.SpringRestJpaApplicationTests]: SpringRestJpaApplicationTests does not declare any static, non-private, non-final, nested classes annotated with @Configuration.
2024-02-21T10:02:52.291+05:30  INFO 17572 --- [main] .b.t.c.SpringBootTestContextBootstrapper : Found @SpringBootConfiguration com.hexaware.springrestjpa.SpringRestJpaApplication for test class com.hexaware.springrestjpa.SpringRestJpaApplicationTests
2024-02-21T10:02:52.342+05:30  INFO 17572 --- [SpringApplicationShutdownHook] j.LocalContainerEntityManagerFactoryBean : Closing JPA EntityManagerFactory for persistence unit 'default'
2024-02-21T10:02:52.345+05:30  INFO 17572 --- [SpringApplicationShutdownHook] com.zaxxer.hikari.HikariDataSource       : HikariPool-1 - Shutdown initiated...
2024-02-21T10:02:52.357+05:30  INFO 17572 --- [SpringApplicationShutdownHook] com.zaxxer.hikari.HikariDataSource       : HikariPool-1 - Shutdown completed.
2024-02-21T10:04:09.235+05:30  INFO 38828 --- [main] c.h.s.SpringRestJpaApplicationTests      : Starting SpringRestJpaApplicationTests using Java 17.0.9 with PID 38828 (started by harsh in D:\Java STS Workspace\spring-rest-jpa)
2024-02-21T10:04:09.239+05:30  INFO 38828 --- [main] c.h.s.SpringRestJpaApplicationTests      : No active profile set, falling back to 1 default profile: "default"
2024-02-21T10:04:10.283+05:30  INFO 38828 --- [main] .s.d.r.c.RepositoryConfigurationDelegate : Bootstrapping Spring Data JPA repositories in DEFAULT mode.
2024-02-21T10:04:10.375+05:30  INFO 38828 --- [main] .s.d.r.c.RepositoryConfigurationDelegate : Finished Spring Data repository scanning in 80 ms. Found 1 JPA repository interface.
2024-02-21T10:04:10.996+05:30  INFO 38828 --- [main] o.hibernate.jpa.internal.util.LogHelper  : HHH000204: Processing PersistenceUnitInfo [name: default]
2024-02-21T10:04:11.086+05:30  INFO 38828 --- [main] org.hibernate.Version                    : HHH000412: Hibernate ORM core version 6.2.20.Final
2024-02-21T10:04:11.091+05:30  INFO 38828 --- [main] org.hibernate.cfg.Environment            : HHH000406: Using bytecode reflection optimizer
2024-02-21T10:04:11.644+05:30  INFO 38828 --- [main] o.s.o.j.p.SpringPersistenceUnitInfo      : No LoadTimeWeaver setup: ignoring JPA class transformer
2024-02-21T10:04:11.682+05:30  INFO 38828 --- [main] com.zaxxer.hikari.HikariDataSource       : HikariPool-1 - Starting...
2024-02-21T10:04:12.205+05:30  INFO 38828 --- [main] com.zaxxer.hikari.pool.HikariPool        : HikariPool-1 - Added connection com.mysql.cj.jdbc.ConnectionImpl@2da5fdc
2024-02-21T10:04:12.209+05:30  INFO 38828 --- [main] com.zaxxer.hikari.HikariDataSource       : HikariPool-1 - Start completed.
2024-02-21T10:04:13.506+05:30  INFO 38828 --- [main] o.h.e.t.j.p.i.JtaPlatformInitiator       : HHH000489: No JTA platform available (set 'hibernate.transaction.jta.platform' to enable JTA platform integration)
2024-02-21T10:04:13.562+05:30  INFO 38828 --- [main] j.LocalContainerEntityManagerFactoryBean : Initialized JPA EntityManagerFactory for persistence unit 'default'
2024-02-21T10:04:13.928+05:30  INFO 38828 --- [main] o.s.d.j.r.query.QueryEnhancerFactory     : Hibernate is in classpath; If applicable, HQL parser will be used.
2024-02-21T10:04:14.755+05:30  WARN 38828 --- [main] JpaBaseConfiguration$JpaWebConfiguration : spring.jpa.open-in-view is enabled by default. Therefore, database queries may be performed during view rendering. Explicitly configure spring.jpa.open-in-view to disable this warning
2024-02-21T10:04:15.995+05:30  INFO 38828 --- [main] c.h.s.SpringRestJpaApplicationTests      : Started SpringRestJpaApplicationTests in 7.169 seconds (process running for 8.734)
2024-02-21T10:04:16.760+05:30  INFO 38828 --- [SpringApplicationShutdownHook] j.LocalContainerEntityManagerFactoryBean : Closing JPA EntityManagerFactory for persistence unit 'default'
2024-02-21T10:04:16.765+05:30  INFO 38828 --- [SpringApplicationShutdownHook] com.zaxxer.hikari.HikariDataSource       : HikariPool-1 - Shutdown initiated...
2024-02-21T10:04:16.780+05:30  INFO 38828 --- [SpringApplicationShutdownHook] com.zaxxer.hikari.HikariDataSource       : HikariPool-1 - Shutdown completed.
